<?xml version="1.0" encoding="UTF-8"?>
<testng-results ignored="0" total="1" passed="1" failed="0" skipped="0">
  <reporter-output>
  </reporter-output>
  <suite started-at="2025-02-10T03:16:35Z" name="inetbankingV1" finished-at="2025-02-10T03:16:50Z" duration-ms="15239">
    <groups>
    </groups>
    <test started-at="2025-02-10T03:16:35Z" name="BankingApp Test" finished-at="2025-02-10T03:16:50Z" duration-ms="15239">
      <class name="com.inetbanking.testcaes.TC_logintest_001">
        <test-method is-config="true" signature="setup(java.lang.String)[pri:0, instance:com.inetbanking.testcaes.TC_logintest_001@276438c9]" started-at="2025-02-10T03:16:35Z" name="setup" finished-at="2025-02-10T03:16:48Z" duration-ms="12650" status="PASS">
          <params>
            <param index="0">
              <value>
                <![CDATA[chrome]]>
              </value>
            </param>
          </params>
          <reporter-output>
          </reporter-output>
        </test-method> <!-- setup -->
        <test-method signature="loginTest()[pri:0, instance:com.inetbanking.testcaes.TC_logintest_001@276438c9]" started-at="2025-02-10T03:16:48Z" name="loginTest" finished-at="2025-02-10T03:16:50Z" duration-ms="1909" status="PASS">
          <reporter-output>
          </reporter-output>
        </test-method> <!-- loginTest -->
        <test-method is-config="true" signature="tearDown()[pri:0, instance:com.inetbanking.testcaes.TC_logintest_001@276438c9]" started-at="2025-02-10T03:16:50Z" name="tearDown" finished-at="2025-02-10T03:16:50Z" duration-ms="235" status="PASS">
          <reporter-output>
          </reporter-output>
        </test-method> <!-- tearDown -->
      </class> <!-- com.inetbanking.testcaes.TC_logintest_001 -->
    </test> <!-- BankingApp Test -->
  </suite> <!-- inetbankingV1 -->
</testng-results>
