<?xml version="1.0" encoding="UTF-8"?>
<testng-results ignored="0" total="1" passed="1" failed="0" skipped="0">
  <reporter-output>
  </reporter-output>
  <suite started-at="2025-02-09T11:34:36 IST" name="inetbankingV1" finished-at="2025-02-09T11:34:45 IST" duration-ms="8944">
    <groups>
    </groups>
    <test started-at="2025-02-09T11:34:36 IST" name="BankingApp Test" finished-at="2025-02-09T11:34:45 IST" duration-ms="8944">
      <class name="com.inetbanking.testcaes.TC_logintest_001">
        <test-method is-config="true" signature="setup(java.lang.String)[pri:0, instance:com.inetbanking.testcaes.TC_logintest_001@2fb3536e]" started-at="2025-02-09T11:34:37 IST" name="setup" finished-at="2025-02-09T11:34:40 IST" duration-ms="3098" status="PASS">
          <params>
            <param index="0">
              <value>
                <![CDATA[chrome]]>
              </value>
            </param>
          </params>
          <reporter-output>
          </reporter-output>
        </test-method> <!-- setup -->
        <test-method signature="loginTest()[pri:0, instance:com.inetbanking.testcaes.TC_logintest_001@2fb3536e]" started-at="2025-02-09T11:34:40 IST" name="loginTest" finished-at="2025-02-09T11:34:45 IST" duration-ms="5120" status="PASS">
          <reporter-output>
          </reporter-output>
        </test-method> <!-- loginTest -->
        <test-method is-config="true" signature="tearDown()[pri:0, instance:com.inetbanking.testcaes.TC_logintest_001@2fb3536e]" started-at="2025-02-09T11:34:45 IST" name="tearDown" finished-at="2025-02-09T11:34:45 IST" duration-ms="306" status="PASS">
          <reporter-output>
          </reporter-output>
        </test-method> <!-- tearDown -->
      </class> <!-- com.inetbanking.testcaes.TC_logintest_001 -->
    </test> <!-- BankingApp Test -->
  </suite> <!-- inetbankingV1 -->
</testng-results>
